My Universe - 2021-10-02.m4a
Moon River - 2019-10-01.m4a
Our Love - 2017-09-05.m4a
Who Are You - 2015-07-17.m4a
For Someone - 2022-02-28.m4a
Merci - 2017-10-08.m4a
Isn't She Lovely - 2018-03-03.m4a
Natural Woman - 2017-02-26.m4a
Sunny (Jazz Funk) - 2020-04-23.m4a
White Christmas Jazz Piano (2020) - 2020-11-24.m4a
Moanin' - 2021-02-11.m4a
Arirang - 2019-08-14.m4a
Blackbird - 2022-01-22.m4a
Man In The Mirror - 2018-06-27.m4a
Just The Two Of Us 2022 - 2022-05-17.m4a
Are You Happy - 2020-07-06.m4a
Wave - 2022-02-22.m4a
Nightingale - 2017-06-30.m4a
Morning Funk Improv - 2020-10-29.m4a
Human Nature - 2020-12-28.m4a
Long Fall - 2017-12-03.m4a
Euphoria - 2018-11-09.m4a
Summertime 2021 - 2021-05-24.m4a
Yellow Jacket - 2018-04-19.m4a
Carmel - 2020-05-02.m4a
As - 2021-02-20.m4a
Looking Up - 2018-11-22.m4a
Pick Me - 2017-11-21.m4a
Strasbourg St. Denis - 2019-01-22.m4a
Butter - 2021-05-29.m4a
Only One - 2015-11-05.m4a
Fusion Groove in C minor - 2021-09-06.m4a
I Wish (live in concert) - 2022-01-07.m4a
Trust - 2020-03-09.m4a
Funk Groove in C-sharp minor - 2021-08-28.m4a
Spain 2021 - 2021-06-07.m4a
Watermelon Man Jazz Piano - 2019-06-11.m4a
K - City Pop (To You) - 2022-01-11.m4a
Street Life - 2022-06-24.m4a
X Marks The Spot - 2016-03-28.m4a
Jazz Fusion Improv - 2020-05-23.m4a
Two Steps - 2021-01-27.m4a
Guitar Solo - 2018-10-06.m4a
Not Alone - 2019-10-09.m4a
Smooth Jazz A minor - 2019-05-11.m4a
Jazz Pop Groove in G minor - 2020-04-16.m4a
Caramel Popcorn - 2021-01-20.m4a
Mixed Dreams - 2020-05-05.m4a
Drum Battle (Two Hearts) - 2021-04-17.m4a
What About Me (Live) - 2021-06-17.m4a
Dynamite - 2020-09-04.m4a
It's Me - 2021-05-08.m4a
My Galaxy - 2022-03-14.m4a
Bb Blues Improv - 2022-01-25.m4a
LG U+ 5G Commercial Jingle Improv - 2019-04-29.m4a
Brave Girls - Rollin' - 2021-08-25.m4a
Everybody Wants To Rule The World - 2022-04-05.m4a
