I Wish (live in concert) - 2022-01-07
Jazz Pop Groove in G minor - 2020-04-16
Moon River - 2019-10-01
Isn't She Lovely - 2018-03-03
Caramel Popcorn - 2021-01-20
Blackbird - 2022-01-22
It's Me - 2021-05-08
Euphoria - 2018-11-09
Summertime 2021 - 2021-05-24
Man In The Mirror - 2018-06-27
My Galaxy - 2022-03-14
Yellow Jacket - 2018-04-19
Carmel - 2020-05-02
Just The Two Of Us 2022 - 2022-05-17
Moanin' - 2021-02-11
Guitar Solo - 2018-10-06
Jazz Fusion Improv - 2020-05-23
Merci - 2017-10-08
Dynamite - 2020-09-04
Wave - 2022-02-22
Trust - 2020-03-09
Not Alone - 2019-10-09
Funk Groove in C-sharp minor - 2021-08-28
Our Love - 2017-09-05
Nightingale - 2017-06-30
Arirang - 2019-08-14
Spain 2021 - 2021-06-07
Natural Woman - 2017-02-26
Mixed Dreams - 2020-05-05
My Universe - 2021-10-02
As - 2021-02-20
Two Steps - 2021-01-27
Who Are You - 2015-07-17
Drum Battle (Two Hearts) - 2021-04-17
Looking Up - 2018-11-22
Pick Me - 2017-11-21
Watermelon Man Jazz Piano - 2019-06-11
Everybody Wants To Rule The World - 2022-04-05
Are You Happy - 2020-07-06
K - City Pop (To You) - 2022-01-11
Strasbourg St. Denis - 2019-01-22
Street Life - 2022-06-24
Smooth Jazz A minor - 2019-05-11
Butter - 2021-05-29
Only One - 2015-11-05
X Marks The Spot - 2016-03-28
Sunny (Jazz Funk) - 2020-04-23
Bb Blues Improv - 2022-01-25
Human Nature - 2020-12-28
Morning Funk Improv - 2020-10-29
For Someone - 2022-02-28
Fusion Groove in C minor - 2021-09-06
White Christmas Jazz Piano (2020) - 2020-11-24
Long Fall - 2017-12-03
Brave Girls - Rollin' - 2021-08-25
LG U+ 5G Commercial Jingle Improv - 2019-04-29
What About Me (Live) - 2021-06-17
